#! /c/Source/iverilog-install/bin/vvp
:ivl_version "12.0 (devel)" "(s20150603-1110-g18392a46)";
:ivl_delay_selection "TYPICAL";
:vpi_time_precision + 0;
:vpi_module "C:\iverilog\lib\ivl\system.vpi";
:vpi_module "C:\iverilog\lib\ivl\vhdl_sys.vpi";
:vpi_module "C:\iverilog\lib\ivl\vhdl_textio.vpi";
:vpi_module "C:\iverilog\lib\ivl\v2005_math.vpi";
:vpi_module "C:\iverilog\lib\ivl\va_math.vpi";
S_000001afdac9ee10 .scope module, "Jk_flip_flop" "Jk_flip_flop" 2 1;
 .timescale 0 0;
    .port_info 0 /INPUT 1 "j";
    .port_info 1 /INPUT 1 "k";
    .port_info 2 /INPUT 1 "clk";
    .port_info 3 /INPUT 1 "reset";
    .port_info 4 /OUTPUT 1 "q";
    .port_info 5 /OUTPUT 1 "qb";
o000001afdab36f98 .functor BUFZ 1, C4<z>; HiZ drive
v000001afdac96c30_0 .net "clk", 0 0, o000001afdab36f98;  0 drivers
o000001afdab36fc8 .functor BUFZ 1, C4<z>; HiZ drive
v000001afdac9bc30_0 .net "j", 0 0, o000001afdab36fc8;  0 drivers
o000001afdab36ff8 .functor BUFZ 1, C4<z>; HiZ drive
v000001afdac9bcd0_0 .net "k", 0 0, o000001afdab36ff8;  0 drivers
v000001afdac9bd70_0 .var "q", 0 0;
v000001afdac9be10_0 .var "qb", 0 0;
o000001afdab37088 .functor BUFZ 1, C4<z>; HiZ drive
v000001afdac9beb0_0 .net "reset", 0 0, o000001afdab37088;  0 drivers
E_000001afdac9cf70 .event posedge, v000001afdac96c30_0;
    .scope S_000001afdac9ee10;
T_0 ;
    %wait E_000001afdac9cf70;
    %vpi_call 2 18 "$dumpfile", "Jk_flip_flop.vcd" {0 0 0};
    %vpi_call 2 19 "$dumpvars", 32'sb00000000000000000000000000000000, S_000001afdac9ee10 {0 0 0};
    %load/vec4 v000001afdac9beb0_0;
    %flag_set/vec4 8;
    %jmp/0xz  T_0.0, 8;
    %pushi/vec4 0, 0, 1;
    %assign/vec4 v000001afdac9bd70_0, 0;
    %pushi/vec4 1, 0, 1;
    %assign/vec4 v000001afdac9be10_0, 0;
    %jmp T_0.1;
T_0.0 ;
    %load/vec4 v000001afdac9bc30_0;
    %load/vec4 v000001afdac9bcd0_0;
    %cmp/ne;
    %jmp/0xz  T_0.2, 4;
    %load/vec4 v000001afdac9bc30_0;
    %assign/vec4 v000001afdac9bd70_0, 0;
    %load/vec4 v000001afdac9bcd0_0;
    %assign/vec4 v000001afdac9be10_0, 0;
    %jmp T_0.3;
T_0.2 ;
    %load/vec4 v000001afdac9bc30_0;
    %pad/u 32;
    %pushi/vec4 1, 0, 32;
    %cmp/e;
    %flag_get/vec4 4;
    %load/vec4 v000001afdac9bcd0_0;
    %pad/u 32;
    %pushi/vec4 1, 0, 32;
    %cmp/e;
    %flag_get/vec4 4;
    %and;
    %flag_set/vec4 8;
    %jmp/0xz  T_0.4, 8;
    %load/vec4 v000001afdac9bd70_0;
    %inv;
    %assign/vec4 v000001afdac9bd70_0, 0;
    %load/vec4 v000001afdac9be10_0;
    %inv;
    %assign/vec4 v000001afdac9be10_0, 0;
T_0.4 ;
T_0.3 ;
T_0.1 ;
    %jmp T_0;
    .thread T_0;
# The file index is used to find the file name in the following table.
:file_names 3;
    "N/A";
    "<interactive>";
    "Jk_flip_flop.v";
