#! /c/Source/iverilog-install/bin/vvp
:ivl_version "12.0 (devel)" "(s20150603-1110-g18392a46)";
:ivl_delay_selection "TYPICAL";
:vpi_time_precision + 0;
:vpi_module "C:\iverilog\lib\ivl\system.vpi";
:vpi_module "C:\iverilog\lib\ivl\vhdl_sys.vpi";
:vpi_module "C:\iverilog\lib\ivl\vhdl_textio.vpi";
:vpi_module "C:\iverilog\lib\ivl\v2005_math.vpi";
:vpi_module "C:\iverilog\lib\ivl\va_math.vpi";
S_00000271ab326d00 .scope module, "parallel_in_serial_out" "parallel_in_serial_out" 2 2;
 .timescale 0 0;
    .port_info 0 /INPUT 4 "din";
    .port_info 1 /INPUT 1 "clk";
    .port_info 2 /INPUT 1 "reset";
    .port_info 3 /INPUT 1 "load";
    .port_info 4 /OUTPUT 1 "dout";
o00000271ab4f6fb8 .functor BUFZ 1, C4<z>; HiZ drive
v00000271ab326e90_0 .net "clk", 0 0, o00000271ab4f6fb8;  0 drivers
o00000271ab4f6fe8 .functor BUFZ 4, C4<zzzz>; HiZ drive
v00000271ab326f30_0 .net "din", 3 0, o00000271ab4f6fe8;  0 drivers
v00000271ab326fd0_0 .var "dout", 0 0;
o00000271ab4f7048 .functor BUFZ 1, C4<z>; HiZ drive
v00000271ab32e2e0_0 .net "load", 0 0, o00000271ab4f7048;  0 drivers
o00000271ab4f7078 .functor BUFZ 1, C4<z>; HiZ drive
v00000271ab32e380_0 .net "reset", 0 0, o00000271ab4f7078;  0 drivers
v00000271ab32e420_0 .var "temp", 3 0;
E_00000271ab328c60 .event posedge, v00000271ab326e90_0;
    .scope S_00000271ab326d00;
T_0 ;
    %wait E_00000271ab328c60;
    %load/vec4 v00000271ab32e380_0;
    %flag_set/vec4 8;
    %jmp/0xz  T_0.0, 8;
    %pushi/vec4 1, 0, 4;
    %assign/vec4 v00000271ab32e420_0, 0;
    %jmp T_0.1;
T_0.0 ;
    %load/vec4 v00000271ab32e2e0_0;
    %flag_set/vec4 8;
    %jmp/0xz  T_0.2, 8;
    %load/vec4 v00000271ab326f30_0;
    %assign/vec4 v00000271ab32e420_0, 0;
    %jmp T_0.3;
T_0.2 ;
    %load/vec4 v00000271ab32e420_0;
    %parti/s 1, 3, 3;
    %assign/vec4 v00000271ab326fd0_0, 0;
    %load/vec4 v00000271ab32e420_0;
    %parti/s 3, 0, 2;
    %concati/vec4 0, 0, 1;
    %assign/vec4 v00000271ab32e420_0, 0;
T_0.3 ;
T_0.1 ;
    %jmp T_0;
    .thread T_0;
# The file index is used to find the file name in the following table.
:file_names 3;
    "N/A";
    "<interactive>";
    "PISO.v";
