#! /c/Source/iverilog-install/bin/vvp
:ivl_version "12.0 (devel)" "(s20150603-1110-g18392a46)";
:ivl_delay_selection "TYPICAL";
:vpi_time_precision + 0;
:vpi_module "C:\iverilog\lib\ivl\system.vpi";
:vpi_module "C:\iverilog\lib\ivl\vhdl_sys.vpi";
:vpi_module "C:\iverilog\lib\ivl\vhdl_textio.vpi";
:vpi_module "C:\iverilog\lib\ivl\v2005_math.vpi";
:vpi_module "C:\iverilog\lib\ivl\va_math.vpi";
S_000001e839ef6cd0 .scope module, "comparator" "comparator" 2 1;
 .timescale 0 0;
    .port_info 0 /INPUT 4 "a";
    .port_info 1 /INPUT 4 "b";
    .port_info 2 /OUTPUT 1 "equal";
    .port_info 3 /OUTPUT 1 "greater";
    .port_info 4 /OUTPUT 1 "lower";
o000001e839f46fb8 .functor BUFZ 4, C4<zzzz>; HiZ drive
v000001e839ef6e60_0 .net "a", 3 0, o000001e839f46fb8;  0 drivers
o000001e839f46fe8 .functor BUFZ 4, C4<zzzz>; HiZ drive
v000001e839ef6f00_0 .net "b", 3 0, o000001e839f46fe8;  0 drivers
v000001e839ef6fa0_0 .var "equal", 0 0;
v000001e839efbd10_0 .var "greater", 0 0;
v000001e839efbdb0_0 .var "lower", 0 0;
E_000001e839efc5f0 .event anyedge, v000001e839ef6f00_0, v000001e839ef6e60_0;
    .scope S_000001e839ef6cd0;
T_0 ;
    %wait E_000001e839efc5f0;
    %vpi_call 2 16 "$dumpfile", "comparator.vcd" {0 0 0};
    %vpi_call 2 17 "$dumpvars", 32'sb00000000000000000000000000000000, S_000001e839ef6cd0 {0 0 0};
    %load/vec4 v000001e839ef6e60_0;
    %load/vec4 v000001e839ef6f00_0;
    %cmp/u;
    %jmp/0xz  T_0.0, 5;
    %pushi/vec4 0, 0, 1;
    %store/vec4 v000001e839ef6fa0_0, 0, 1;
    %pushi/vec4 1, 0, 1;
    %store/vec4 v000001e839efbdb0_0, 0, 1;
    %pushi/vec4 0, 0, 1;
    %store/vec4 v000001e839efbd10_0, 0, 1;
    %jmp T_0.1;
T_0.0 ;
    %load/vec4 v000001e839ef6e60_0;
    %load/vec4 v000001e839ef6f00_0;
    %cmp/e;
    %jmp/0xz  T_0.2, 4;
    %pushi/vec4 1, 0, 1;
    %store/vec4 v000001e839ef6fa0_0, 0, 1;
    %pushi/vec4 0, 0, 1;
    %store/vec4 v000001e839efbdb0_0, 0, 1;
    %pushi/vec4 0, 0, 1;
    %store/vec4 v000001e839efbd10_0, 0, 1;
    %jmp T_0.3;
T_0.2 ;
    %pushi/vec4 0, 0, 1;
    %store/vec4 v000001e839ef6fa0_0, 0, 1;
    %pushi/vec4 0, 0, 1;
    %store/vec4 v000001e839efbdb0_0, 0, 1;
    %pushi/vec4 1, 0, 1;
    %store/vec4 v000001e839efbd10_0, 0, 1;
T_0.3 ;
T_0.1 ;
    %jmp T_0;
    .thread T_0, $push;
# The file index is used to find the file name in the following table.
:file_names 3;
    "N/A";
    "<interactive>";
    "comparator.v";
