#! /c/Source/iverilog-install/bin/vvp
:ivl_version "12.0 (devel)" "(s20150603-1110-g18392a46)";
:ivl_delay_selection "TYPICAL";
:vpi_time_precision + 0;
:vpi_module "C:\iverilog\lib\ivl\system.vpi";
:vpi_module "C:\iverilog\lib\ivl\vhdl_sys.vpi";
:vpi_module "C:\iverilog\lib\ivl\vhdl_textio.vpi";
:vpi_module "C:\iverilog\lib\ivl\v2005_math.vpi";
:vpi_module "C:\iverilog\lib\ivl\va_math.vpi";
S_0000022573226bc0 .scope module, "counter_4bit" "counter_4bit" 2 1;
 .timescale 0 0;
    .port_info 0 /INPUT 1 "clk";
    .port_info 1 /INPUT 1 "reset";
    .port_info 2 /OUTPUT 4 "dout";
o0000022573156f58 .functor BUFZ 1, C4<z>; HiZ drive
v0000022573156eb0_0 .net "clk", 0 0, o0000022573156f58;  0 drivers
v0000022573226d50_0 .var "dout", 3 0;
o0000022573156fb8 .functor BUFZ 1, C4<z>; HiZ drive
v0000022573226df0_0 .net "reset", 0 0, o0000022573156fb8;  0 drivers
E_00000225732280a0 .event posedge, v0000022573156eb0_0;
    .scope S_0000022573226bc0;
T_0 ;
    %pushi/vec4 0, 0, 4;
    %store/vec4 v0000022573226d50_0, 0, 4;
    %end;
    .thread T_0;
    .scope S_0000022573226bc0;
T_1 ;
    %wait E_00000225732280a0;
    %vpi_call 2 15 "$dumpfile", "counter_4bit.vcd" {0 0 0};
    %vpi_call 2 16 "$dumpvars", 32'sb00000000000000000000000000000000, S_0000022573226bc0 {0 0 0};
    %load/vec4 v0000022573226df0_0;
    %flag_set/vec4 8;
    %jmp/0xz  T_1.0, 8;
    %pushi/vec4 0, 0, 4;
    %assign/vec4 v0000022573226d50_0, 0;
    %jmp T_1.1;
T_1.0 ;
    %load/vec4 v0000022573226d50_0;
    %addi 1, 0, 4;
    %assign/vec4 v0000022573226d50_0, 0;
T_1.1 ;
    %jmp T_1;
    .thread T_1;
# The file index is used to find the file name in the following table.
:file_names 3;
    "N/A";
    "<interactive>";
    "counter_4bit.v";
